find_executable: checking for pg_config... -------------------- yes

--------------------

"gcc -o conftest -I/Users/mminckle/.rvm/rubies/ruby-2.2.0/include/ruby-2.2.0/x86_64-darwin17 -I/Users/mminckle/.rvm/rubies/ruby-2.2.0/include/ruby-2.2.0/ruby/backward -I/Users/mminckle/.rvm/rubies/ruby-2.2.0/include/ruby-2.2.0 -I. -I/usr/local/Cellar/postgresql/10.5/include  -I/usr/local/opt/libyaml/include -I/usr/local/opt/readline/include -I/usr/local/opt/libksba/include -I/usr/local/opt/openssl/include -D_XOPEN_SOURCE -D_DARWIN_C_SOURCE -D_DARWIN_UNLIMITED_SELECT -D_REENTRANT    -O3 -fno-fast-math -ggdb3 -Wall -Wextra -Wno-unused-parameter -Wno-parentheses -Wno-long-long -Wno-missing-field-initializers -Wunused-variable -Wpointer-arith -Wwrite-strings -Wdeclaration-after-statement -Wshorten-64-to-32 -Wimplicit-function-declaration -Wdivision-by-zero -Wdeprecated-declarations -Wextra-tokens  -fno-common -pipe conftest.c  -L/usr/local/lib -L/usr/local/opt/libyaml/lib -L/usr/local/opt/readline/lib -L/usr/local/opt/libksba/lib -L/usr/local/opt/openssl/lib -L. -L/Users/mminckle/.rvm/rubies/ruby-2.2.0/lib -L. -fstack-protector -L/usr/local/opt/libyaml/lib -L/usr/local/opt/readline/lib -L/usr/local/opt/libksba/lib -L/usr/local/opt/openssl/lib      -lruby.2.2.0  -lpthread -ldl -lobjc "
checked program was:
/* begin */
1: #include "ruby.h"
2: 
3: int main(int argc, char **argv)
4: {
5:   return 0;
6: }
/* end */

"gcc -o conftest -I/Users/mminckle/.rvm/rubies/ruby-2.2.0/include/ruby-2.2.0/x86_64-darwin17 -I/Users/mminckle/.rvm/rubies/ruby-2.2.0/include/ruby-2.2.0/ruby/backward -I/Users/mminckle/.rvm/rubies/ruby-2.2.0/include/ruby-2.2.0 -I. -I/usr/local/Cellar/postgresql/10.5/include  -I/usr/local/opt/libyaml/include -I/usr/local/opt/readline/include -I/usr/local/opt/libksba/include -I/usr/local/opt/openssl/include -D_XOPEN_SOURCE -D_DARWIN_C_SOURCE -D_DARWIN_UNLIMITED_SELECT -D_REENTRANT    -O3 -fno-fast-math -ggdb3 -Wall -Wextra -Wno-unused-parameter -Wno-parentheses -Wno-long-long -Wno-missing-field-initializers -Wunused-variable -Wpointer-arith -Wwrite-strings -Wdeclaration-after-statement -Wshorten-64-to-32 -Wimplicit-function-declaration -Wdivision-by-zero -Wdeprecated-declarations -Wextra-tokens  -fno-common -pipe conftest.c  -L/usr/local/lib -L/usr/local/opt/libyaml/lib -L/usr/local/opt/readline/lib -L/usr/local/opt/libksba/lib -L/usr/local/opt/openssl/lib -L. -L/Users/mminckle/.rvm/rubies/ruby-2.2.0/lib -L. -fstack-protector -L/usr/local/opt/libyaml/lib -L/usr/local/opt/readline/lib -L/usr/local/opt/libksba/lib -L/usr/local/opt/openssl/lib      -lruby.2.2.0  -Wl,-rpath,/usr/local/lib -lpthread -ldl -lobjc "
checked program was:
/* begin */
1: #include "ruby.h"
2: 
3: int main() {return 0;}
/* end */

find_header: checking for libpq-fe.h... -------------------- yes

"gcc -E -I/Users/mminckle/.rvm/rubies/ruby-2.2.0/include/ruby-2.2.0/x86_64-darwin17 -I/Users/mminckle/.rvm/rubies/ruby-2.2.0/include/ruby-2.2.0/ruby/backward -I/Users/mminckle/.rvm/rubies/ruby-2.2.0/include/ruby-2.2.0 -I. -I/usr/local/Cellar/postgresql/10.5/include  -I/usr/local/opt/libyaml/include -I/usr/local/opt/readline/include -I/usr/local/opt/libksba/include -I/usr/local/opt/openssl/include -D_XOPEN_SOURCE -D_DARWIN_C_SOURCE -D_DARWIN_UNLIMITED_SELECT -D_REENTRANT    -O3 -fno-fast-math -ggdb3 -Wall -Wextra -Wno-unused-parameter -Wno-parentheses -Wno-long-long -Wno-missing-field-initializers -Wunused-variable -Wpointer-arith -Wwrite-strings -Wdeclaration-after-statement -Wshorten-64-to-32 -Wimplicit-function-declaration -Wdivision-by-zero -Wdeprecated-declarations -Wextra-tokens  -fno-common -pipe  conftest.c -o conftest.i"
checked program was:
/* begin */
1: #include "ruby.h"
2: 
3: #include <libpq-fe.h>
/* end */

--------------------

find_header: checking for libpq/libpq-fs.h... -------------------- yes

"gcc -E -I/Users/mminckle/.rvm/rubies/ruby-2.2.0/include/ruby-2.2.0/x86_64-darwin17 -I/Users/mminckle/.rvm/rubies/ruby-2.2.0/include/ruby-2.2.0/ruby/backward -I/Users/mminckle/.rvm/rubies/ruby-2.2.0/include/ruby-2.2.0 -I. -I/usr/local/Cellar/postgresql/10.5/include  -I/usr/local/opt/libyaml/include -I/usr/local/opt/readline/include -I/usr/local/opt/libksba/include -I/usr/local/opt/openssl/include -D_XOPEN_SOURCE -D_DARWIN_C_SOURCE -D_DARWIN_UNLIMITED_SELECT -D_REENTRANT    -O3 -fno-fast-math -ggdb3 -Wall -Wextra -Wno-unused-parameter -Wno-parentheses -Wno-long-long -Wno-missing-field-initializers -Wunused-variable -Wpointer-arith -Wwrite-strings -Wdeclaration-after-statement -Wshorten-64-to-32 -Wimplicit-function-declaration -Wdivision-by-zero -Wdeprecated-declarations -Wextra-tokens  -fno-common -pipe  conftest.c -o conftest.i"
checked program was:
/* begin */
1: #include "ruby.h"
2: 
3: #include <libpq/libpq-fs.h>
/* end */

--------------------

find_header: checking for pg_config_manual.h... -------------------- yes

"gcc -E -I/Users/mminckle/.rvm/rubies/ruby-2.2.0/include/ruby-2.2.0/x86_64-darwin17 -I/Users/mminckle/.rvm/rubies/ruby-2.2.0/include/ruby-2.2.0/ruby/backward -I/Users/mminckle/.rvm/rubies/ruby-2.2.0/include/ruby-2.2.0 -I. -I/usr/local/Cellar/postgresql/10.5/include  -I/usr/local/opt/libyaml/include -I/usr/local/opt/readline/include -I/usr/local/opt/libksba/include -I/usr/local/opt/openssl/include -D_XOPEN_SOURCE -D_DARWIN_C_SOURCE -D_DARWIN_UNLIMITED_SELECT -D_REENTRANT    -O3 -fno-fast-math -ggdb3 -Wall -Wextra -Wno-unused-parameter -Wno-parentheses -Wno-long-long -Wno-missing-field-initializers -Wunused-variable -Wpointer-arith -Wwrite-strings -Wdeclaration-after-statement -Wshorten-64-to-32 -Wimplicit-function-declaration -Wdivision-by-zero -Wdeprecated-declarations -Wextra-tokens  -fno-common -pipe  conftest.c -o conftest.i"
checked program was:
/* begin */
1: #include "ruby.h"
2: 
3: #include <pg_config_manual.h>
/* end */

--------------------

have_library: checking for PQconnectdb() in -lpq... -------------------- yes

"gcc -o conftest -I/Users/mminckle/.rvm/rubies/ruby-2.2.0/include/ruby-2.2.0/x86_64-darwin17 -I/Users/mminckle/.rvm/rubies/ruby-2.2.0/include/ruby-2.2.0/ruby/backward -I/Users/mminckle/.rvm/rubies/ruby-2.2.0/include/ruby-2.2.0 -I. -I/usr/local/Cellar/postgresql/10.5/include  -I/usr/local/opt/libyaml/include -I/usr/local/opt/readline/include -I/usr/local/opt/libksba/include -I/usr/local/opt/openssl/include -D_XOPEN_SOURCE -D_DARWIN_C_SOURCE -D_DARWIN_UNLIMITED_SELECT -D_REENTRANT    -O3 -fno-fast-math -ggdb3 -Wall -Wextra -Wno-unused-parameter -Wno-parentheses -Wno-long-long -Wno-missing-field-initializers -Wunused-variable -Wpointer-arith -Wwrite-strings -Wdeclaration-after-statement -Wshorten-64-to-32 -Wimplicit-function-declaration -Wdivision-by-zero -Wdeprecated-declarations -Wextra-tokens  -fno-common -pipe conftest.c  -L/usr/local/lib -L/usr/local/opt/libyaml/lib -L/usr/local/opt/readline/lib -L/usr/local/opt/libksba/lib -L/usr/local/opt/openssl/lib -L. -L/Users/mminckle/.rvm/rubies/ruby-2.2.0/lib -L. -fstack-protector -L/usr/local/opt/libyaml/lib -L/usr/local/opt/readline/lib -L/usr/local/opt/libksba/lib -L/usr/local/opt/openssl/lib  -Wl,-rpath,/usr/local/lib     -lruby.2.2.0 -lpq  -lpthread -ldl -lobjc "
checked program was:
/* begin */
 1: #include "ruby.h"
 2: 
 3: #include <libpq-fe.h>
 4: 
 5: /*top*/
 6: extern int t(void);
 7: int main(int argc, char **argv)
 8: {
 9:   if (argc > 1000000) {
10:     printf("%p", &t);
11:   }
12: 
13:   return 0;
14: }
15: int t(void) { void ((*volatile p)()); p = (void ((*)()))PQconnectdb; return 0; }
/* end */

--------------------

have_func: checking for PQsetSingleRowMode()... -------------------- yes

"gcc -o conftest -I/Users/mminckle/.rvm/rubies/ruby-2.2.0/include/ruby-2.2.0/x86_64-darwin17 -I/Users/mminckle/.rvm/rubies/ruby-2.2.0/include/ruby-2.2.0/ruby/backward -I/Users/mminckle/.rvm/rubies/ruby-2.2.0/include/ruby-2.2.0 -I. -I/usr/local/Cellar/postgresql/10.5/include  -I/usr/local/opt/libyaml/include -I/usr/local/opt/readline/include -I/usr/local/opt/libksba/include -I/usr/local/opt/openssl/include -D_XOPEN_SOURCE -D_DARWIN_C_SOURCE -D_DARWIN_UNLIMITED_SELECT -D_REENTRANT    -O3 -fno-fast-math -ggdb3 -Wall -Wextra -Wno-unused-parameter -Wno-parentheses -Wno-long-long -Wno-missing-field-initializers -Wunused-variable -Wpointer-arith -Wwrite-strings -Wdeclaration-after-statement -Wshorten-64-to-32 -Wimplicit-function-declaration -Wdivision-by-zero -Wdeprecated-declarations -Wextra-tokens  -fno-common -pipe conftest.c  -L/usr/local/lib -L/usr/local/opt/libyaml/lib -L/usr/local/opt/readline/lib -L/usr/local/opt/libksba/lib -L/usr/local/opt/openssl/lib -L. -L/Users/mminckle/.rvm/rubies/ruby-2.2.0/lib -L. -fstack-protector -L/usr/local/opt/libyaml/lib -L/usr/local/opt/readline/lib -L/usr/local/opt/libksba/lib -L/usr/local/opt/openssl/lib  -Wl,-rpath,/usr/local/lib    -lpq  -lruby.2.2.0 -lpq  -lpthread -ldl -lobjc "
conftest.c:13:57: error: use of undeclared identifier 'PQsetSingleRowMode'
int t(void) { void ((*volatile p)()); p = (void ((*)()))PQsetSingleRowMode; return 0; }
                                                        ^
1 error generated.
checked program was:
/* begin */
 1: #include "ruby.h"
 2: 
 3: /*top*/
 4: extern int t(void);
 5: int main(int argc, char **argv)
 6: {
 7:   if (argc > 1000000) {
 8:     printf("%p", &t);
 9:   }
10: 
11:   return 0;
12: }
13: int t(void) { void ((*volatile p)()); p = (void ((*)()))PQsetSingleRowMode; return 0; }
/* end */

"gcc -o conftest -I/Users/mminckle/.rvm/rubies/ruby-2.2.0/include/ruby-2.2.0/x86_64-darwin17 -I/Users/mminckle/.rvm/rubies/ruby-2.2.0/include/ruby-2.2.0/ruby/backward -I/Users/mminckle/.rvm/rubies/ruby-2.2.0/include/ruby-2.2.0 -I. -I/usr/local/Cellar/postgresql/10.5/include  -I/usr/local/opt/libyaml/include -I/usr/local/opt/readline/include -I/usr/local/opt/libksba/include -I/usr/local/opt/openssl/include -D_XOPEN_SOURCE -D_DARWIN_C_SOURCE -D_DARWIN_UNLIMITED_SELECT -D_REENTRANT    -O3 -fno-fast-math -ggdb3 -Wall -Wextra -Wno-unused-parameter -Wno-parentheses -Wno-long-long -Wno-missing-field-initializers -Wunused-variable -Wpointer-arith -Wwrite-strings -Wdeclaration-after-statement -Wshorten-64-to-32 -Wimplicit-function-declaration -Wdivision-by-zero -Wdeprecated-declarations -Wextra-tokens  -fno-common -pipe conftest.c  -L/usr/local/lib -L/usr/local/opt/libyaml/lib -L/usr/local/opt/readline/lib -L/usr/local/opt/libksba/lib -L/usr/local/opt/openssl/lib -L. -L/Users/mminckle/.rvm/rubies/ruby-2.2.0/lib -L. -fstack-protector -L/usr/local/opt/libyaml/lib -L/usr/local/opt/readline/lib -L/usr/local/opt/libksba/lib -L/usr/local/opt/openssl/lib  -Wl,-rpath,/usr/local/lib    -lpq  -lruby.2.2.0 -lpq  -lpthread -ldl -lobjc "
conftest.c:13:15: warning: implicit declaration of function 'PQsetSingleRowMode' is invalid in C99 [-Wimplicit-function-declaration]
int t(void) { PQsetSingleRowMode(); return 0; }
              ^
1 warning generated.
checked program was:
/* begin */
 1: #include "ruby.h"
 2: 
 3: /*top*/
 4: extern int t(void);
 5: int main(int argc, char **argv)
 6: {
 7:   if (argc > 1000000) {
 8:     printf("%p", &t);
 9:   }
10: 
11:   return 0;
12: }
13: int t(void) { PQsetSingleRowMode(); return 0; }
/* end */

--------------------

have_func: checking for PQconninfo()... -------------------- yes

"gcc -o conftest -I/Users/mminckle/.rvm/rubies/ruby-2.2.0/include/ruby-2.2.0/x86_64-darwin17 -I/Users/mminckle/.rvm/rubies/ruby-2.2.0/include/ruby-2.2.0/ruby/backward -I/Users/mminckle/.rvm/rubies/ruby-2.2.0/include/ruby-2.2.0 -I. -I/usr/local/Cellar/postgresql/10.5/include  -I/usr/local/opt/libyaml/include -I/usr/local/opt/readline/include -I/usr/local/opt/libksba/include -I/usr/local/opt/openssl/include -D_XOPEN_SOURCE -D_DARWIN_C_SOURCE -D_DARWIN_UNLIMITED_SELECT -D_REENTRANT    -O3 -fno-fast-math -ggdb3 -Wall -Wextra -Wno-unused-parameter -Wno-parentheses -Wno-long-long -Wno-missing-field-initializers -Wunused-variable -Wpointer-arith -Wwrite-strings -Wdeclaration-after-statement -Wshorten-64-to-32 -Wimplicit-function-declaration -Wdivision-by-zero -Wdeprecated-declarations -Wextra-tokens  -fno-common -pipe conftest.c  -L/usr/local/lib -L/usr/local/opt/libyaml/lib -L/usr/local/opt/readline/lib -L/usr/local/opt/libksba/lib -L/usr/local/opt/openssl/lib -L. -L/Users/mminckle/.rvm/rubies/ruby-2.2.0/lib -L. -fstack-protector -L/usr/local/opt/libyaml/lib -L/usr/local/opt/readline/lib -L/usr/local/opt/libksba/lib -L/usr/local/opt/openssl/lib  -Wl,-rpath,/usr/local/lib    -lpq  -lruby.2.2.0 -lpq  -lpthread -ldl -lobjc "
conftest.c:13:57: error: use of undeclared identifier 'PQconninfo'
int t(void) { void ((*volatile p)()); p = (void ((*)()))PQconninfo; return 0; }
                                                        ^
1 error generated.
checked program was:
/* begin */
 1: #include "ruby.h"
 2: 
 3: /*top*/
 4: extern int t(void);
 5: int main(int argc, char **argv)
 6: {
 7:   if (argc > 1000000) {
 8:     printf("%p", &t);
 9:   }
10: 
11:   return 0;
12: }
13: int t(void) { void ((*volatile p)()); p = (void ((*)()))PQconninfo; return 0; }
/* end */

"gcc -o conftest -I/Users/mminckle/.rvm/rubies/ruby-2.2.0/include/ruby-2.2.0/x86_64-darwin17 -I/Users/mminckle/.rvm/rubies/ruby-2.2.0/include/ruby-2.2.0/ruby/backward -I/Users/mminckle/.rvm/rubies/ruby-2.2.0/include/ruby-2.2.0 -I. -I/usr/local/Cellar/postgresql/10.5/include  -I/usr/local/opt/libyaml/include -I/usr/local/opt/readline/include -I/usr/local/opt/libksba/include -I/usr/local/opt/openssl/include -D_XOPEN_SOURCE -D_DARWIN_C_SOURCE -D_DARWIN_UNLIMITED_SELECT -D_REENTRANT    -O3 -fno-fast-math -ggdb3 -Wall -Wextra -Wno-unused-parameter -Wno-parentheses -Wno-long-long -Wno-missing-field-initializers -Wunused-variable -Wpointer-arith -Wwrite-strings -Wdeclaration-after-statement -Wshorten-64-to-32 -Wimplicit-function-declaration -Wdivision-by-zero -Wdeprecated-declarations -Wextra-tokens  -fno-common -pipe conftest.c  -L/usr/local/lib -L/usr/local/opt/libyaml/lib -L/usr/local/opt/readline/lib -L/usr/local/opt/libksba/lib -L/usr/local/opt/openssl/lib -L. -L/Users/mminckle/.rvm/rubies/ruby-2.2.0/lib -L. -fstack-protector -L/usr/local/opt/libyaml/lib -L/usr/local/opt/readline/lib -L/usr/local/opt/libksba/lib -L/usr/local/opt/openssl/lib  -Wl,-rpath,/usr/local/lib    -lpq  -lruby.2.2.0 -lpq  -lpthread -ldl -lobjc "
conftest.c:13:15: warning: implicit declaration of function 'PQconninfo' is invalid in C99 [-Wimplicit-function-declaration]
int t(void) { PQconninfo(); return 0; }
              ^
1 warning generated.
checked program was:
/* begin */
 1: #include "ruby.h"
 2: 
 3: /*top*/
 4: extern int t(void);
 5: int main(int argc, char **argv)
 6: {
 7:   if (argc > 1000000) {
 8:     printf("%p", &t);
 9:   }
10: 
11:   return 0;
12: }
13: int t(void) { PQconninfo(); return 0; }
/* end */

--------------------

have_func: checking for PQsslAttribute()... -------------------- yes

"gcc -o conftest -I/Users/mminckle/.rvm/rubies/ruby-2.2.0/include/ruby-2.2.0/x86_64-darwin17 -I/Users/mminckle/.rvm/rubies/ruby-2.2.0/include/ruby-2.2.0/ruby/backward -I/Users/mminckle/.rvm/rubies/ruby-2.2.0/include/ruby-2.2.0 -I. -I/usr/local/Cellar/postgresql/10.5/include  -I/usr/local/opt/libyaml/include -I/usr/local/opt/readline/include -I/usr/local/opt/libksba/include -I/usr/local/opt/openssl/include -D_XOPEN_SOURCE -D_DARWIN_C_SOURCE -D_DARWIN_UNLIMITED_SELECT -D_REENTRANT    -O3 -fno-fast-math -ggdb3 -Wall -Wextra -Wno-unused-parameter -Wno-parentheses -Wno-long-long -Wno-missing-field-initializers -Wunused-variable -Wpointer-arith -Wwrite-strings -Wdeclaration-after-statement -Wshorten-64-to-32 -Wimplicit-function-declaration -Wdivision-by-zero -Wdeprecated-declarations -Wextra-tokens  -fno-common -pipe conftest.c  -L/usr/local/lib -L/usr/local/opt/libyaml/lib -L/usr/local/opt/readline/lib -L/usr/local/opt/libksba/lib -L/usr/local/opt/openssl/lib -L. -L/Users/mminckle/.rvm/rubies/ruby-2.2.0/lib -L. -fstack-protector -L/usr/local/opt/libyaml/lib -L/usr/local/opt/readline/lib -L/usr/local/opt/libksba/lib -L/usr/local/opt/openssl/lib  -Wl,-rpath,/usr/local/lib    -lpq  -lruby.2.2.0 -lpq  -lpthread -ldl -lobjc "
conftest.c:13:57: error: use of undeclared identifier 'PQsslAttribute'
int t(void) { void ((*volatile p)()); p = (void ((*)()))PQsslAttribute; return 0; }
                                                        ^
1 error generated.
checked program was:
/* begin */
 1: #include "ruby.h"
 2: 
 3: /*top*/
 4: extern int t(void);
 5: int main(int argc, char **argv)
 6: {
 7:   if (argc > 1000000) {
 8:     printf("%p", &t);
 9:   }
10: 
11:   return 0;
12: }
13: int t(void) { void ((*volatile p)()); p = (void ((*)()))PQsslAttribute; return 0; }
/* end */

"gcc -o conftest -I/Users/mminckle/.rvm/rubies/ruby-2.2.0/include/ruby-2.2.0/x86_64-darwin17 -I/Users/mminckle/.rvm/rubies/ruby-2.2.0/include/ruby-2.2.0/ruby/backward -I/Users/mminckle/.rvm/rubies/ruby-2.2.0/include/ruby-2.2.0 -I. -I/usr/local/Cellar/postgresql/10.5/include  -I/usr/local/opt/libyaml/include -I/usr/local/opt/readline/include -I/usr/local/opt/libksba/include -I/usr/local/opt/openssl/include -D_XOPEN_SOURCE -D_DARWIN_C_SOURCE -D_DARWIN_UNLIMITED_SELECT -D_REENTRANT    -O3 -fno-fast-math -ggdb3 -Wall -Wextra -Wno-unused-parameter -Wno-parentheses -Wno-long-long -Wno-missing-field-initializers -Wunused-variable -Wpointer-arith -Wwrite-strings -Wdeclaration-after-statement -Wshorten-64-to-32 -Wimplicit-function-declaration -Wdivision-by-zero -Wdeprecated-declarations -Wextra-tokens  -fno-common -pipe conftest.c  -L/usr/local/lib -L/usr/local/opt/libyaml/lib -L/usr/local/opt/readline/lib -L/usr/local/opt/libksba/lib -L/usr/local/opt/openssl/lib -L. -L/Users/mminckle/.rvm/rubies/ruby-2.2.0/lib -L. -fstack-protector -L/usr/local/opt/libyaml/lib -L/usr/local/opt/readline/lib -L/usr/local/opt/libksba/lib -L/usr/local/opt/openssl/lib  -Wl,-rpath,/usr/local/lib    -lpq  -lruby.2.2.0 -lpq  -lpthread -ldl -lobjc "
conftest.c:13:15: warning: implicit declaration of function 'PQsslAttribute' is invalid in C99 [-Wimplicit-function-declaration]
int t(void) { PQsslAttribute(); return 0; }
              ^
1 warning generated.
checked program was:
/* begin */
 1: #include "ruby.h"
 2: 
 3: /*top*/
 4: extern int t(void);
 5: int main(int argc, char **argv)
 6: {
 7:   if (argc > 1000000) {
 8:     printf("%p", &t);
 9:   }
10: 
11:   return 0;
12: }
13: int t(void) { PQsslAttribute(); return 0; }
/* end */

--------------------

have_func: checking for PQencryptPasswordConn()... -------------------- yes

"gcc -o conftest -I/Users/mminckle/.rvm/rubies/ruby-2.2.0/include/ruby-2.2.0/x86_64-darwin17 -I/Users/mminckle/.rvm/rubies/ruby-2.2.0/include/ruby-2.2.0/ruby/backward -I/Users/mminckle/.rvm/rubies/ruby-2.2.0/include/ruby-2.2.0 -I. -I/usr/local/Cellar/postgresql/10.5/include  -I/usr/local/opt/libyaml/include -I/usr/local/opt/readline/include -I/usr/local/opt/libksba/include -I/usr/local/opt/openssl/include -D_XOPEN_SOURCE -D_DARWIN_C_SOURCE -D_DARWIN_UNLIMITED_SELECT -D_REENTRANT    -O3 -fno-fast-math -ggdb3 -Wall -Wextra -Wno-unused-parameter -Wno-parentheses -Wno-long-long -Wno-missing-field-initializers -Wunused-variable -Wpointer-arith -Wwrite-strings -Wdeclaration-after-statement -Wshorten-64-to-32 -Wimplicit-function-declaration -Wdivision-by-zero -Wdeprecated-declarations -Wextra-tokens  -fno-common -pipe conftest.c  -L/usr/local/lib -L/usr/local/opt/libyaml/lib -L/usr/local/opt/readline/lib -L/usr/local/opt/libksba/lib -L/usr/local/opt/openssl/lib -L. -L/Users/mminckle/.rvm/rubies/ruby-2.2.0/lib -L. -fstack-protector -L/usr/local/opt/libyaml/lib -L/usr/local/opt/readline/lib -L/usr/local/opt/libksba/lib -L/usr/local/opt/openssl/lib  -Wl,-rpath,/usr/local/lib    -lpq  -lruby.2.2.0 -lpq  -lpthread -ldl -lobjc "
conftest.c:13:57: error: use of undeclared identifier 'PQencryptPasswordConn'
int t(void) { void ((*volatile p)()); p = (void ((*)()))PQencryptPasswordConn; return 0; }
                                                        ^
1 error generated.
checked program was:
/* begin */
 1: #include "ruby.h"
 2: 
 3: /*top*/
 4: extern int t(void);
 5: int main(int argc, char **argv)
 6: {
 7:   if (argc > 1000000) {
 8:     printf("%p", &t);
 9:   }
10: 
11:   return 0;
12: }
13: int t(void) { void ((*volatile p)()); p = (void ((*)()))PQencryptPasswordConn; return 0; }
/* end */

"gcc -o conftest -I/Users/mminckle/.rvm/rubies/ruby-2.2.0/include/ruby-2.2.0/x86_64-darwin17 -I/Users/mminckle/.rvm/rubies/ruby-2.2.0/include/ruby-2.2.0/ruby/backward -I/Users/mminckle/.rvm/rubies/ruby-2.2.0/include/ruby-2.2.0 -I. -I/usr/local/Cellar/postgresql/10.5/include  -I/usr/local/opt/libyaml/include -I/usr/local/opt/readline/include -I/usr/local/opt/libksba/include -I/usr/local/opt/openssl/include -D_XOPEN_SOURCE -D_DARWIN_C_SOURCE -D_DARWIN_UNLIMITED_SELECT -D_REENTRANT    -O3 -fno-fast-math -ggdb3 -Wall -Wextra -Wno-unused-parameter -Wno-parentheses -Wno-long-long -Wno-missing-field-initializers -Wunused-variable -Wpointer-arith -Wwrite-strings -Wdeclaration-after-statement -Wshorten-64-to-32 -Wimplicit-function-declaration -Wdivision-by-zero -Wdeprecated-declarations -Wextra-tokens  -fno-common -pipe conftest.c  -L/usr/local/lib -L/usr/local/opt/libyaml/lib -L/usr/local/opt/readline/lib -L/usr/local/opt/libksba/lib -L/usr/local/opt/openssl/lib -L. -L/Users/mminckle/.rvm/rubies/ruby-2.2.0/lib -L. -fstack-protector -L/usr/local/opt/libyaml/lib -L/usr/local/opt/readline/lib -L/usr/local/opt/libksba/lib -L/usr/local/opt/openssl/lib  -Wl,-rpath,/usr/local/lib    -lpq  -lruby.2.2.0 -lpq  -lpthread -ldl -lobjc "
conftest.c:13:15: warning: implicit declaration of function 'PQencryptPasswordConn' is invalid in C99 [-Wimplicit-function-declaration]
int t(void) { PQencryptPasswordConn(); return 0; }
              ^
1 warning generated.
checked program was:
/* begin */
 1: #include "ruby.h"
 2: 
 3: /*top*/
 4: extern int t(void);
 5: int main(int argc, char **argv)
 6: {
 7:   if (argc > 1000000) {
 8:     printf("%p", &t);
 9:   }
10: 
11:   return 0;
12: }
13: int t(void) { PQencryptPasswordConn(); return 0; }
/* end */

--------------------

have_func: checking for timegm()... -------------------- yes

"gcc -o conftest -I/Users/mminckle/.rvm/rubies/ruby-2.2.0/include/ruby-2.2.0/x86_64-darwin17 -I/Users/mminckle/.rvm/rubies/ruby-2.2.0/include/ruby-2.2.0/ruby/backward -I/Users/mminckle/.rvm/rubies/ruby-2.2.0/include/ruby-2.2.0 -I. -I/usr/local/Cellar/postgresql/10.5/include  -I/usr/local/opt/libyaml/include -I/usr/local/opt/readline/include -I/usr/local/opt/libksba/include -I/usr/local/opt/openssl/include -D_XOPEN_SOURCE -D_DARWIN_C_SOURCE -D_DARWIN_UNLIMITED_SELECT -D_REENTRANT    -O3 -fno-fast-math -ggdb3 -Wall -Wextra -Wno-unused-parameter -Wno-parentheses -Wno-long-long -Wno-missing-field-initializers -Wunused-variable -Wpointer-arith -Wwrite-strings -Wdeclaration-after-statement -Wshorten-64-to-32 -Wimplicit-function-declaration -Wdivision-by-zero -Wdeprecated-declarations -Wextra-tokens  -fno-common -pipe conftest.c  -L/usr/local/lib -L/usr/local/opt/libyaml/lib -L/usr/local/opt/readline/lib -L/usr/local/opt/libksba/lib -L/usr/local/opt/openssl/lib -L. -L/Users/mminckle/.rvm/rubies/ruby-2.2.0/lib -L. -fstack-protector -L/usr/local/opt/libyaml/lib -L/usr/local/opt/readline/lib -L/usr/local/opt/libksba/lib -L/usr/local/opt/openssl/lib  -Wl,-rpath,/usr/local/lib    -lpq  -lruby.2.2.0 -lpq  -lpthread -ldl -lobjc "
conftest.c:13:57: error: use of undeclared identifier 'timegm'
int t(void) { void ((*volatile p)()); p = (void ((*)()))timegm; return 0; }
                                                        ^
1 error generated.
checked program was:
/* begin */
 1: #include "ruby.h"
 2: 
 3: /*top*/
 4: extern int t(void);
 5: int main(int argc, char **argv)
 6: {
 7:   if (argc > 1000000) {
 8:     printf("%p", &t);
 9:   }
10: 
11:   return 0;
12: }
13: int t(void) { void ((*volatile p)()); p = (void ((*)()))timegm; return 0; }
/* end */

"gcc -o conftest -I/Users/mminckle/.rvm/rubies/ruby-2.2.0/include/ruby-2.2.0/x86_64-darwin17 -I/Users/mminckle/.rvm/rubies/ruby-2.2.0/include/ruby-2.2.0/ruby/backward -I/Users/mminckle/.rvm/rubies/ruby-2.2.0/include/ruby-2.2.0 -I. -I/usr/local/Cellar/postgresql/10.5/include  -I/usr/local/opt/libyaml/include -I/usr/local/opt/readline/include -I/usr/local/opt/libksba/include -I/usr/local/opt/openssl/include -D_XOPEN_SOURCE -D_DARWIN_C_SOURCE -D_DARWIN_UNLIMITED_SELECT -D_REENTRANT    -O3 -fno-fast-math -ggdb3 -Wall -Wextra -Wno-unused-parameter -Wno-parentheses -Wno-long-long -Wno-missing-field-initializers -Wunused-variable -Wpointer-arith -Wwrite-strings -Wdeclaration-after-statement -Wshorten-64-to-32 -Wimplicit-function-declaration -Wdivision-by-zero -Wdeprecated-declarations -Wextra-tokens  -fno-common -pipe conftest.c  -L/usr/local/lib -L/usr/local/opt/libyaml/lib -L/usr/local/opt/readline/lib -L/usr/local/opt/libksba/lib -L/usr/local/opt/openssl/lib -L. -L/Users/mminckle/.rvm/rubies/ruby-2.2.0/lib -L. -fstack-protector -L/usr/local/opt/libyaml/lib -L/usr/local/opt/readline/lib -L/usr/local/opt/libksba/lib -L/usr/local/opt/openssl/lib  -Wl,-rpath,/usr/local/lib    -lpq  -lruby.2.2.0 -lpq  -lpthread -ldl -lobjc "
conftest.c:13:15: warning: implicit declaration of function 'timegm' is invalid in C99 [-Wimplicit-function-declaration]
int t(void) { timegm(); return 0; }
              ^
1 warning generated.
checked program was:
/* begin */
 1: #include "ruby.h"
 2: 
 3: /*top*/
 4: extern int t(void);
 5: int main(int argc, char **argv)
 6: {
 7:   if (argc > 1000000) {
 8:     printf("%p", &t);
 9:   }
10: 
11:   return 0;
12: }
13: int t(void) { timegm(); return 0; }
/* end */

--------------------

have_func: checking for rb_gc_adjust_memory_usage()... -------------------- no

"gcc -o conftest -I/Users/mminckle/.rvm/rubies/ruby-2.2.0/include/ruby-2.2.0/x86_64-darwin17 -I/Users/mminckle/.rvm/rubies/ruby-2.2.0/include/ruby-2.2.0/ruby/backward -I/Users/mminckle/.rvm/rubies/ruby-2.2.0/include/ruby-2.2.0 -I. -I/usr/local/Cellar/postgresql/10.5/include  -I/usr/local/opt/libyaml/include -I/usr/local/opt/readline/include -I/usr/local/opt/libksba/include -I/usr/local/opt/openssl/include -D_XOPEN_SOURCE -D_DARWIN_C_SOURCE -D_DARWIN_UNLIMITED_SELECT -D_REENTRANT    -O3 -fno-fast-math -ggdb3 -Wall -Wextra -Wno-unused-parameter -Wno-parentheses -Wno-long-long -Wno-missing-field-initializers -Wunused-variable -Wpointer-arith -Wwrite-strings -Wdeclaration-after-statement -Wshorten-64-to-32 -Wimplicit-function-declaration -Wdivision-by-zero -Wdeprecated-declarations -Wextra-tokens  -fno-common -pipe conftest.c  -L/usr/local/lib -L/usr/local/opt/libyaml/lib -L/usr/local/opt/readline/lib -L/usr/local/opt/libksba/lib -L/usr/local/opt/openssl/lib -L. -L/Users/mminckle/.rvm/rubies/ruby-2.2.0/lib -L. -fstack-protector -L/usr/local/opt/libyaml/lib -L/usr/local/opt/readline/lib -L/usr/local/opt/libksba/lib -L/usr/local/opt/openssl/lib  -Wl,-rpath,/usr/local/lib    -lpq  -lruby.2.2.0 -lpq  -lpthread -ldl -lobjc "
conftest.c:13:57: error: use of undeclared identifier 'rb_gc_adjust_memory_usage'
int t(void) { void ((*volatile p)()); p = (void ((*)()))rb_gc_adjust_memory_usage; return 0; }
                                                        ^
1 error generated.
checked program was:
/* begin */
 1: #include "ruby.h"
 2: 
 3: /*top*/
 4: extern int t(void);
 5: int main(int argc, char **argv)
 6: {
 7:   if (argc > 1000000) {
 8:     printf("%p", &t);
 9:   }
10: 
11:   return 0;
12: }
13: int t(void) { void ((*volatile p)()); p = (void ((*)()))rb_gc_adjust_memory_usage; return 0; }
/* end */

"gcc -o conftest -I/Users/mminckle/.rvm/rubies/ruby-2.2.0/include/ruby-2.2.0/x86_64-darwin17 -I/Users/mminckle/.rvm/rubies/ruby-2.2.0/include/ruby-2.2.0/ruby/backward -I/Users/mminckle/.rvm/rubies/ruby-2.2.0/include/ruby-2.2.0 -I. -I/usr/local/Cellar/postgresql/10.5/include  -I/usr/local/opt/libyaml/include -I/usr/local/opt/readline/include -I/usr/local/opt/libksba/include -I/usr/local/opt/openssl/include -D_XOPEN_SOURCE -D_DARWIN_C_SOURCE -D_DARWIN_UNLIMITED_SELECT -D_REENTRANT    -O3 -fno-fast-math -ggdb3 -Wall -Wextra -Wno-unused-parameter -Wno-parentheses -Wno-long-long -Wno-missing-field-initializers -Wunused-variable -Wpointer-arith -Wwrite-strings -Wdeclaration-after-statement -Wshorten-64-to-32 -Wimplicit-function-declaration -Wdivision-by-zero -Wdeprecated-declarations -Wextra-tokens  -fno-common -pipe conftest.c  -L/usr/local/lib -L/usr/local/opt/libyaml/lib -L/usr/local/opt/readline/lib -L/usr/local/opt/libksba/lib -L/usr/local/opt/openssl/lib -L. -L/Users/mminckle/.rvm/rubies/ruby-2.2.0/lib -L. -fstack-protector -L/usr/local/opt/libyaml/lib -L/usr/local/opt/readline/lib -L/usr/local/opt/libksba/lib -L/usr/local/opt/openssl/lib  -Wl,-rpath,/usr/local/lib    -lpq  -lruby.2.2.0 -lpq  -lpthread -ldl -lobjc "
conftest.c:13:15: warning: implicit declaration of function 'rb_gc_adjust_memory_usage' is invalid in C99 [-Wimplicit-function-declaration]
int t(void) { rb_gc_adjust_memory_usage(); return 0; }
              ^
1 warning generated.
Undefined symbols for architecture x86_64:
  "_rb_gc_adjust_memory_usage", referenced from:
      _t in conftest-03059a.o
ld: symbol(s) not found for architecture x86_64
clang: error: linker command failed with exit code 1 (use -v to see invocation)
checked program was:
/* begin */
 1: #include "ruby.h"
 2: 
 3: /*top*/
 4: extern int t(void);
 5: int main(int argc, char **argv)
 6: {
 7:   if (argc > 1000000) {
 8:     printf("%p", &t);
 9:   }
10: 
11:   return 0;
12: }
13: int t(void) { rb_gc_adjust_memory_usage(); return 0; }
/* end */

--------------------

have_const: checking for PG_DIAG_TABLE_NAME in libpq-fe.h... -------------------- yes

"gcc -I/Users/mminckle/.rvm/rubies/ruby-2.2.0/include/ruby-2.2.0/x86_64-darwin17 -I/Users/mminckle/.rvm/rubies/ruby-2.2.0/include/ruby-2.2.0/ruby/backward -I/Users/mminckle/.rvm/rubies/ruby-2.2.0/include/ruby-2.2.0 -I. -I/usr/local/Cellar/postgresql/10.5/include  -I/usr/local/opt/libyaml/include -I/usr/local/opt/readline/include -I/usr/local/opt/libksba/include -I/usr/local/opt/openssl/include -D_XOPEN_SOURCE -D_DARWIN_C_SOURCE -D_DARWIN_UNLIMITED_SELECT -D_REENTRANT    -O3 -fno-fast-math -ggdb3 -Wall -Wextra -Wno-unused-parameter -Wno-parentheses -Wno-long-long -Wno-missing-field-initializers -Wunused-variable -Wpointer-arith -Wwrite-strings -Wdeclaration-after-statement -Wshorten-64-to-32 -Wimplicit-function-declaration -Wdivision-by-zero -Wdeprecated-declarations -Wextra-tokens  -fno-common -pipe   -c conftest.c"
checked program was:
/* begin */
1: #include "ruby.h"
2: 
3: #include <libpq-fe.h>
4: 
5: /*top*/
6: typedef int conftest_type;
7: conftest_type conftestval = (int)PG_DIAG_TABLE_NAME;
/* end */

--------------------

have_header: checking for unistd.h... -------------------- yes

"gcc -E -I/Users/mminckle/.rvm/rubies/ruby-2.2.0/include/ruby-2.2.0/x86_64-darwin17 -I/Users/mminckle/.rvm/rubies/ruby-2.2.0/include/ruby-2.2.0/ruby/backward -I/Users/mminckle/.rvm/rubies/ruby-2.2.0/include/ruby-2.2.0 -I. -I/usr/local/Cellar/postgresql/10.5/include  -I/usr/local/opt/libyaml/include -I/usr/local/opt/readline/include -I/usr/local/opt/libksba/include -I/usr/local/opt/openssl/include -D_XOPEN_SOURCE -D_DARWIN_C_SOURCE -D_DARWIN_UNLIMITED_SELECT -D_REENTRANT    -O3 -fno-fast-math -ggdb3 -Wall -Wextra -Wno-unused-parameter -Wno-parentheses -Wno-long-long -Wno-missing-field-initializers -Wunused-variable -Wpointer-arith -Wwrite-strings -Wdeclaration-after-statement -Wshorten-64-to-32 -Wimplicit-function-declaration -Wdivision-by-zero -Wdeprecated-declarations -Wextra-tokens  -fno-common -pipe  conftest.c -o conftest.i"
checked program was:
/* begin */
1: #include "ruby.h"
2: 
3: #include <unistd.h>
/* end */

--------------------

have_header: checking for inttypes.h... -------------------- yes

"gcc -E -I/Users/mminckle/.rvm/rubies/ruby-2.2.0/include/ruby-2.2.0/x86_64-darwin17 -I/Users/mminckle/.rvm/rubies/ruby-2.2.0/include/ruby-2.2.0/ruby/backward -I/Users/mminckle/.rvm/rubies/ruby-2.2.0/include/ruby-2.2.0 -I. -I/usr/local/Cellar/postgresql/10.5/include  -I/usr/local/opt/libyaml/include -I/usr/local/opt/readline/include -I/usr/local/opt/libksba/include -I/usr/local/opt/openssl/include -D_XOPEN_SOURCE -D_DARWIN_C_SOURCE -D_DARWIN_UNLIMITED_SELECT -D_REENTRANT    -O3 -fno-fast-math -ggdb3 -Wall -Wextra -Wno-unused-parameter -Wno-parentheses -Wno-long-long -Wno-missing-field-initializers -Wunused-variable -Wpointer-arith -Wwrite-strings -Wdeclaration-after-statement -Wshorten-64-to-32 -Wimplicit-function-declaration -Wdivision-by-zero -Wdeprecated-declarations -Wextra-tokens  -fno-common -pipe  conftest.c -o conftest.i"
checked program was:
/* begin */
1: #include "ruby.h"
2: 
3: #include <inttypes.h>
/* end */

--------------------

checking for C99 variable length arrays... -------------------- yes

"gcc -I/Users/mminckle/.rvm/rubies/ruby-2.2.0/include/ruby-2.2.0/x86_64-darwin17 -I/Users/mminckle/.rvm/rubies/ruby-2.2.0/include/ruby-2.2.0/ruby/backward -I/Users/mminckle/.rvm/rubies/ruby-2.2.0/include/ruby-2.2.0 -I. -I/usr/local/Cellar/postgresql/10.5/include  -I/usr/local/opt/libyaml/include -I/usr/local/opt/readline/include -I/usr/local/opt/libksba/include -I/usr/local/opt/openssl/include -D_XOPEN_SOURCE -D_DARWIN_C_SOURCE -D_DARWIN_UNLIMITED_SELECT -D_REENTRANT    -O3 -fno-fast-math -ggdb3 -Wall -Wextra -Wno-unused-parameter -Wno-parentheses -Wno-long-long -Wno-missing-field-initializers -Wunused-variable -Wpointer-arith -Wwrite-strings -Wdeclaration-after-statement -Wshorten-64-to-32 -Wimplicit-function-declaration -Wdivision-by-zero -Wdeprecated-declarations -Wextra-tokens  -fno-common -pipe   -c conftest.c"
conftest.c:3:27: warning: unused variable 'vla' [-Wunused-variable]
void test_vla(int l){ int vla[l]; }
                          ^
1 warning generated.
checked program was:
/* begin */
1: #include "ruby.h"
2: 
3: void test_vla(int l){ int vla[l]; }
/* end */

--------------------

extconf.h is:
/* begin */
 1: #ifndef EXTCONF_H
 2: #define EXTCONF_H
 3: #define HAVE_PQSETSINGLEROWMODE 1
 4: #define HAVE_PQCONNINFO 1
 5: #define HAVE_PQSSLATTRIBUTE 1
 6: #define HAVE_PQENCRYPTPASSWORDCONN 1
 7: #define HAVE_TIMEGM 1
 8: #define HAVE_CONST_PG_DIAG_TABLE_NAME 1
 9: #define HAVE_UNISTD_H 1
10: #define HAVE_INTTYPES_H 1
11: #define HAVE_VARIABLE_LENGTH_ARRAYS 1
12: #endif
/* end */

